{"/sandbox/vitest-setup.ts": {"path":"/sandbox/vitest-setup.ts","all":false,"statementMap":{"0":{"start":{"line":1,"column":0},"end":{"line":1,"column":35}}},"s":{"0":1},"branchMap":{},"b":{},"fnMap":{},"f":{}}
,"/sandbox/frontend/src/App/App.tsx": {"path":"/sandbox/frontend/src/App/App.tsx","all":false,"statementMap":{"0":{"start":{"line":1,"column":0},"end":{"line":1,"column":26}},"1":{"start":{"line":2,"column":0},"end":{"line":2,"column":0}},"2":{"start":{"line":3,"column":0},"end":{"line":3,"column":26}},"3":{"start":{"line":4,"column":0},"end":{"line":4,"column":31}},"4":{"start":{"line":5,"column":0},"end":{"line":5,"column":2}}},"s":{"0":1,"1":1,"2":1,"3":1,"4":1},"branchMap":{"0":{"type":"branch","line":3,"loc":{"start":{"line":3,"column":19},"end":{"line":5,"column":2}},"locations":[{"start":{"line":3,"column":19},"end":{"line":5,"column":2}}]},"1":{"type":"branch","line":5,"loc":{"start":{"line":5,"column":0},"end":{"line":5,"column":2}},"locations":[{"start":{"line":5,"column":0},"end":{"line":5,"column":2}}]}},"b":{"0":[1],"1":[1]},"fnMap":{"0":{"name":"App","decl":{"start":{"line":3,"column":19},"end":{"line":5,"column":2}},"loc":{"start":{"line":3,"column":19},"end":{"line":5,"column":2}},"line":3},"1":{"name":"get","decl":{"start":{"line":5,"column":0},"end":{"line":5,"column":2}},"loc":{"start":{"line":5,"column":0},"end":{"line":5,"column":2}},"line":5}},"f":{"0":1,"1":1}}
}
